<?xml version="1.0" encoding="UTF-8"?>
<!-- Generated by org.testng.reporters.JUnitReportReporter -->
<testsuite skipped="1" hostname="BDC6-DX-6B5FNK2" name="package1.OnlineShoppingTest" tests="4" failures="0" timestamp="23 Sep 2019 08:54:51 GMT" time="48.053" errors="0">
  <testcase name="testLogin" time="2.397" classname="package1.OnlineShoppingTest"/>
  <testcase name="testCart" time="17.726" classname="package1.OnlineShoppingTest"/>
  <testcase name="testPayment" time="27.930" classname="package1.OnlineShoppingTest"/>
  <testcase name="testRegistration" classname="package1.OnlineShoppingTest">
    <skipped/>
  </testcase> <!-- testRegistration -->
</testsuite> <!-- package1.OnlineShoppingTest -->
